{
  "RSpec": {
    "coverage": {
      "/Users/nikhil/Documents/Code/MAKERS/Week_6/Makers_BnB/spec/features/add_listing_spec.rb": [
        1,
        null,
        1,
        1,
        1,
        1,
        1,
        1,
        1,
        1,
        1,
        1,
        1,
        null,
        null
      ],
      "/Users/nikhil/Documents/Code/MAKERS/Week_6/Makers_BnB/spec/database_helper.rb": [
        1,
        7,
        null,
        null,
        1,
        1,
        null,
        null,
        null,
        null,
        null
      ],
      "/Users/nikhil/Documents/Code/MAKERS/Week_6/Makers_BnB/spec/features/hello_world_spec.rb": [
        1,
        null,
        1,
        null,
        1,
        1,
        1,
        1,
        null,
        null
      ],
      "/Users/nikhil/Documents/Code/MAKERS/Week_6/Makers_BnB/spec/features/see_listings_spec.rb": [
        1,
        null,
        1,
        null,
        1,
        1,
        1,
        null,
        1,
        1,
        null,
        null
      ],
      "/Users/nikhil/Documents/Code/MAKERS/Week_6/Makers_BnB/spec/space_spec.rb": [
        1,
        1,
        null,
        1,
        1,
        2,
        null,
        null,
        1,
        1,
        null,
        null,
        null,
        null,
        1,
        null,
        null,
        1,
        1,
        null,
        null,
        null,
        null,
        1,
        null,
        null
      ]
    },
    "timestamp": 1549928759
  }
}
