{
  "RSpec": {
    "coverage": {
      "/Users/punchcafe/Projects/MakersAcademy_Course/2nd_tri/makersbnb/Makers_BnB/spec/features/add_listing_spec.rb": [
        1,
        null,
        1,
        1,
        1,
        1,
        1,
        1,
        1,
        1,
        1,
        1,
        1,
        1,
        null,
        null
      ],
      "/Users/punchcafe/Projects/MakersAcademy_Course/2nd_tri/makersbnb/Makers_BnB/spec/database_helper.rb": [
        1,
        31,
        31,
        null,
        null,
        1,
        5,
        null,
        null,
        null,
        null,
        null
      ],
      "/Users/punchcafe/Projects/MakersAcademy_Course/2nd_tri/makersbnb/Makers_BnB/spec/features/anonymous_access_limited_spec.rb": [
        1,
        1,
        null,
        1,
        null,
        1,
        1,
        1,
        null,
        null,
        1,
        1,
        1,
        1,
        1,
        1,
        1,
        null,
        null,
        null,
        null
      ],
      "/Users/punchcafe/Projects/MakersAcademy_Course/2nd_tri/makersbnb/Makers_BnB/spec/features/delete_space_spec.rb": [
        1,
        1,
        null,
        1,
        null,
        1,
        1,
        1,
        1,
        1,
        1,
        1,
        1,
        1,
        1,
        1,
        1,
        null,
        null,
        null
      ],
      "/Users/punchcafe/Projects/MakersAcademy_Course/2nd_tri/makersbnb/Makers_BnB/spec/features/hello_world_spec.rb": [
        1,
        null,
        1,
        null,
        1,
        1,
        1,
        1,
        null,
        null
      ],
      "/Users/punchcafe/Projects/MakersAcademy_Course/2nd_tri/makersbnb/Makers_BnB/spec/features/login_spec.rb": [
        1,
        1,
        null,
        1,
        null,
        1,
        1,
        null,
        null,
        1,
        1,
        1,
        1,
        1,
        1,
        1,
        1,
        1,
        1,
        null,
        null
      ],
      "/Users/punchcafe/Projects/MakersAcademy_Course/2nd_tri/makersbnb/Makers_BnB/spec/web_helper.rb": [
        null,
        1,
        8,
        8,
        8,
        8,
        8,
        8,
        null,
        null,
        1,
        0,
        0,
        0,
        0,
        0,
        0,
        null
      ],
      "/Users/punchcafe/Projects/MakersAcademy_Course/2nd_tri/makersbnb/Makers_BnB/spec/features/logout_spec.rb": [
        1,
        1,
        null,
        1,
        null,
        1,
        1,
        null,
        null,
        1,
        1,
        1,
        1,
        null,
        1,
        1,
        1,
        null,
        null
      ],
      "/Users/punchcafe/Projects/MakersAcademy_Course/2nd_tri/makersbnb/Makers_BnB/spec/features/register_user_spec.rb": [
        1,
        1,
        null,
        1,
        null,
        1,
        1,
        null,
        null,
        1,
        1,
        1,
        1,
        null,
        null
      ],
      "/Users/punchcafe/Projects/MakersAcademy_Course/2nd_tri/makersbnb/Makers_BnB/spec/features/see_listings_spec.rb": [
        1,
        null,
        1,
        null,
        1,
        1,
        1,
        null,
        1,
        1,
        null,
        null
      ],
      "/Users/punchcafe/Projects/MakersAcademy_Course/2nd_tri/makersbnb/Makers_BnB/spec/features/update_space_spec.rb": [
        1,
        1,
        null,
        1,
        1,
        3,
        3,
        null,
        1,
        1,
        1,
        1,
        null,
        null,
        1,
        1,
        1,
        1,
        1,
        1,
        1,
        1,
        null,
        null,
        1,
        1,
        1,
        1,
        1,
        1,
        1,
        1,
        1,
        1,
        1,
        1,
        1,
        1,
        null,
        null,
        null
      ],
      "/Users/punchcafe/Projects/MakersAcademy_Course/2nd_tri/makersbnb/Makers_BnB/spec/hashHandler_spec.rb": [
        1,
        null,
        1,
        2,
        1,
        1,
        1,
        null,
        1,
        1,
        1,
        1,
        1,
        1,
        null,
        null
      ],
      "/Users/punchcafe/Projects/MakersAcademy_Course/2nd_tri/makersbnb/Makers_BnB/spec/space_spec.rb": [
        1,
        1,
        1,
        null,
        1,
        1,
        3,
        3,
        null,
        null,
        null,
        null,
        null,
        null,
        1,
        1,
        null,
        null,
        null,
        null,
        null,
        1,
        null,
        null,
        1,
        1,
        null,
        null,
        null,
        null,
        null,
        1,
        null,
        null,
        1,
        null,
        1,
        1,
        null,
        null,
        null,
        null,
        null,
        null,
        null,
        null,
        null
      ],
      "/Users/punchcafe/Projects/MakersAcademy_Course/2nd_tri/makersbnb/Makers_BnB/spec/user_spec.rb": [
        1,
        1,
        null,
        1,
        1,
        2,
        null,
        null,
        1,
        1,
        null,
        null,
        null,
        null,
        1,
        null,
        null,
        1,
        1,
        null,
        null,
        null,
        null,
        1,
        null,
        null
      ]
    },
    "timestamp": 1550060909
  }
}
